2026-07-19 00:31:38,234 | INFO | Scan Started for 192.168.1.0/24
2026-07-19 00:32:00,859 | INFO | Devices Found : 5
2026-07-19 00:32:00,859 | INFO | CSV Saved : reports/scan_2026-07-19_00-32-00.csv
2026-07-19 00:32:00,859 | INFO | JSON Saved : reports/scan_2026-07-19_00-32-00.json
2026-07-19 00:32:00,859 | INFO | Scan Completed
2026-07-19 00:32:53,585 | INFO | Scan Started for 192.168.1.0/24
2026-07-19 00:33:16,057 | INFO | Devices Found : 5
2026-07-19 00:33:16,057 | INFO | CSV Saved : reports/scan_2026-07-19_00-33-16.csv
2026-07-19 00:33:16,057 | INFO | JSON Saved : reports/scan_2026-07-19_00-33-16.json
2026-07-19 00:33:16,057 | INFO | Scan Completed
2026-07-19 00:33:22,083 | INFO | Scan Started for 192.168.10.0/24
2026-07-19 00:33:24,305 | INFO | Devices Found : 0
2026-07-19 00:33:24,305 | INFO | CSV Saved : reports/scan_2026-07-19_00-33-24.csv
2026-07-19 00:33:24,305 | INFO | JSON Saved : reports/scan_2026-07-19_00-33-24.json
2026-07-19 00:33:24,305 | INFO | Scan Completed
2026-07-19 00:33:33,848 | ERROR | Invalid network entered.
2026-07-19 00:34:55,790 | INFO | Scan Started for 192.168.10.0/24
2026-07-19 00:34:58,249 | INFO | Devices Found : 0
2026-07-19 00:34:58,249 | INFO | CSV Saved : reports/scan_2026-07-19_00-34-58.csv
2026-07-19 00:34:58,249 | INFO | JSON Saved : reports/scan_2026-07-19_00-34-58.json
2026-07-19 00:34:58,249 | INFO | Scan Completed
2026-07-19 00:35:48,012 | INFO | Scan Started for 192.168.1.0/24
2026-07-19 00:36:10,384 | INFO | Devices Found : 5
2026-07-19 00:36:10,384 | INFO | CSV Saved : reports/scan_2026-07-19_00-36-10.csv
2026-07-19 00:36:10,384 | INFO | JSON Saved : reports/scan_2026-07-19_00-36-10.json
2026-07-19 00:36:10,384 | INFO | Scan Completed
2026-07-19 00:36:18,503 | INFO | Scan Started for 192.168.1.0/24
2026-07-19 00:36:40,976 | INFO | Devices Found : 5
2026-07-19 00:36:40,976 | INFO | CSV Saved : reports/scan_2026-07-19_00-36-40.csv
2026-07-19 00:36:40,976 | INFO | JSON Saved : reports/scan_2026-07-19_00-36-40.json
2026-07-19 00:36:40,977 | INFO | Scan Completed
2026-07-19 00:36:56,838 | ERROR | Invalid network entered.
